
The cpu speed in Mhz: 1600.000

The cpu speed in hz: 1600000000.000

cycles in gettimeofday(): 5985
cycles in gettimeofday(): 666
cycles in gettimeofday(): 612
cycles in gettimeofday(): 621
cycles in gettimeofday(): 612
cycles in gettimeofday(): 612
cycles in gettimeofday(): 621
cycles in gettimeofday(): 621
cycles in gettimeofday(): 621
cycles in gettimeofday(): 621
cycles in gettimeofday(): 612
cycles in gettimeofday(): 621
cycles in gettimeofday(): 621
cycles in gettimeofday(): 612
cycles in gettimeofday(): 621
cycles in gettimeofday(): 621
cycles in gettimeofday(): 612
cycles in gettimeofday(): 621
cycles in gettimeofday(): 621
cycles in gettimeofday(): 621
cycles in gettimeofday(): 621
cycles in gettimeofday(): 621
cycles in gettimeofday(): 612
cycles in gettimeofday(): 621
cycles in gettimeofday(): 621
cycles in gettimeofday(): 621
cycles in gettimeofday(): 612
cycles in gettimeofday(): 621
cycles in gettimeofday(): 621
cycles in gettimeofday(): 612
cycles in gettimeofday(): 621
cycles in gettimeofday(): 621
cycles in gettimeofday(): 612
cycles in gettimeofday(): 621
cycles in gettimeofday(): 621
cycles in gettimeofday(): 612
cycles in gettimeofday(): 612
cycles in gettimeofday(): 612
cycles in gettimeofday(): 612
cycles in gettimeofday(): 612
cycles in gettimeofday(): 612
cycles in gettimeofday(): 612
cycles in gettimeofday(): 621
cycles in gettimeofday(): 621
cycles in gettimeofday(): 621
cycles in gettimeofday(): 621
cycles in gettimeofday(): 621
cycles in gettimeofday(): 621
cycles in gettimeofday(): 612
cycles in gettimeofday(): 612
micro seconds for gettimeofday(): 0.453600
cycles in getpid(): 7902
cycles in getpid(): 495
cycles in getpid(): 405
cycles in getpid(): 396
cycles in getpid(): 405
cycles in getpid(): 405
cycles in getpid(): 405
cycles in getpid(): 405
cycles in getpid(): 396
cycles in getpid(): 405
cycles in getpid(): 396
cycles in getpid(): 405
cycles in getpid(): 396
cycles in getpid(): 405
cycles in getpid(): 405
cycles in getpid(): 405
cycles in getpid(): 396
cycles in getpid(): 405
cycles in getpid(): 396
cycles in getpid(): 405
cycles in getpid(): 405
cycles in getpid(): 405
cycles in getpid(): 396
cycles in getpid(): 405
cycles in getpid(): 405
cycles in getpid(): 405
cycles in getpid(): 405
cycles in getpid(): 405
cycles in getpid(): 405
cycles in getpid(): 396
cycles in getpid(): 405
cycles in getpid(): 396
cycles in getpid(): 396
cycles in getpid(): 396
cycles in getpid(): 405
cycles in getpid(): 405
cycles in getpid(): 405
cycles in getpid(): 396
cycles in getpid(): 405
cycles in getpid(): 396
cycles in getpid(): 396
cycles in getpid(): 405
cycles in getpid(): 396
cycles in getpid(): 405
cycles in getpid(): 396
cycles in getpid(): 405
cycles in getpid(): 396
cycles in getpid(): 405
cycles in getpid(): 405
cycles in getpid(): 405
micro seconds for get_pid(): 0.346050
cycles in getcwd(): 11214
cycles in getcwd(): 2169
cycles in getcwd(): 1593
cycles in getcwd(): 1530
cycles in getcwd(): 1530
cycles in getcwd(): 1530
cycles in getcwd(): 1710
cycles in getcwd(): 1584
cycles in getcwd(): 1530
cycles in getcwd(): 1530
cycles in getcwd(): 1530
cycles in getcwd(): 1530
cycles in getcwd(): 1521
cycles in getcwd(): 1539
cycles in getcwd(): 1530
cycles in getcwd(): 1539
cycles in getcwd(): 1629
cycles in getcwd(): 1575
cycles in getcwd(): 1530
cycles in getcwd(): 1530
cycles in getcwd(): 1665
cycles in getcwd(): 1539
cycles in getcwd(): 1530
cycles in getcwd(): 1530
cycles in getcwd(): 1530
cycles in getcwd(): 1539
cycles in getcwd(): 1656
cycles in getcwd(): 1530
cycles in getcwd(): 1530
cycles in getcwd(): 1530
cycles in getcwd(): 1530
cycles in getcwd(): 1521
cycles in getcwd(): 1539
cycles in getcwd(): 1656
cycles in getcwd(): 1530
cycles in getcwd(): 1530
cycles in getcwd(): 1530
cycles in getcwd(): 1692
cycles in getcwd(): 1530
cycles in getcwd(): 1530
cycles in getcwd(): 1530
cycles in getcwd(): 1530
cycles in getcwd(): 1539
cycles in getcwd(): 1530
cycles in getcwd(): 1530
cycles in getcwd(): 1530
cycles in getcwd(): 1521
cycles in getcwd(): 1539
cycles in getcwd(): 1656
cycles in getcwd(): 1530
micro seconds for get_cwd(): 1.099687
cycles in read(): 2736
cycles in read(): 1197
cycles in read(): 1035
cycles in read(): 1026
cycles in read(): 1017
cycles in read(): 1026
cycles in read(): 1026
cycles in read(): 1026
cycles in read(): 1017
cycles in read(): 1026
cycles in read(): 1026
cycles in read(): 1026
cycles in read(): 1026
cycles in read(): 1026
cycles in read(): 1026
cycles in read(): 1026
cycles in read(): 1026
cycles in read(): 1026
cycles in read(): 1026
cycles in read(): 1026
cycles in read(): 1026
cycles in read(): 1026
cycles in read(): 1026
cycles in read(): 1026
cycles in read(): 1026
cycles in read(): 1026
cycles in read(): 1026
cycles in read(): 1026
cycles in read(): 1035
cycles in read(): 1035
cycles in read(): 1026
cycles in read(): 1026
cycles in read(): 1026
cycles in read(): 1026
cycles in read(): 1026
cycles in read(): 1026
cycles in read(): 1026
cycles in read(): 1026
cycles in read(): 1035
cycles in read(): 1026
cycles in read(): 1026
cycles in read(): 1026
cycles in read(): 1026
cycles in read(): 1026
cycles in read(): 1026
cycles in read(): 1035
cycles in read(): 1026
cycles in read(): 1026
cycles in read(): 1026
cycles in read(): 1026
micro seconds for read() on first file: 0.665100
cycles in read(): 1296
cycles in read(): 1071
cycles in read(): 1026
cycles in read(): 1026
cycles in read(): 1026
cycles in read(): 1026
cycles in read(): 1017
cycles in read(): 1026
cycles in read(): 1017
cycles in read(): 1026
cycles in read(): 1026
cycles in read(): 1026
cycles in read(): 1026
cycles in read(): 1017
cycles in read(): 1026
cycles in read(): 1026
cycles in read(): 1017
cycles in read(): 1026
cycles in read(): 1026
cycles in read(): 1026
cycles in read(): 1026
cycles in read(): 1017
cycles in read(): 1017
cycles in read(): 1026
cycles in read(): 1026
cycles in read(): 1026
cycles in read(): 1026
cycles in read(): 1017
cycles in read(): 1026
cycles in read(): 1026
cycles in read(): 1035
cycles in read(): 1026
cycles in read(): 1026
cycles in read(): 1017
cycles in read(): 1026
cycles in read(): 1026
cycles in read(): 1026
cycles in read(): 1026
cycles in read(): 1026
cycles in read(): 1017
cycles in read(): 1026
cycles in read(): 1026
cycles in read(): 1026
cycles in read(): 1026
cycles in read(): 1026
cycles in read(): 1026
cycles in read(): 1026
cycles in read(): 1026
cycles in read(): 1026
cycles in read(): 1026
micro seconds for read() on second file: 0.644287
cycles in read(): 1161
cycles in read(): 1089
cycles in read(): 1026
cycles in read(): 1026
cycles in read(): 1026
cycles in read(): 1026
cycles in read(): 1026
cycles in read(): 1026
cycles in read(): 1026
cycles in read(): 1026
cycles in read(): 1026
cycles in read(): 1026
cycles in read(): 1026
cycles in read(): 1026
cycles in read(): 1026
cycles in read(): 1026
cycles in read(): 1026
cycles in read(): 1026
cycles in read(): 1026
cycles in read(): 1026
cycles in read(): 1026
cycles in read(): 1026
cycles in read(): 1026
cycles in read(): 1026
cycles in read(): 1026
cycles in read(): 1026
cycles in read(): 1026
cycles in read(): 1026
cycles in read(): 1026
cycles in read(): 1026
cycles in read(): 1026
cycles in read(): 1026
cycles in read(): 1026
cycles in read(): 1026
cycles in read(): 1026
cycles in read(): 1026
cycles in read(): 1026
cycles in read(): 1026
cycles in read(): 1026
cycles in read(): 1026
cycles in read(): 1026
cycles in read(): 1026
cycles in read(): 1026
cycles in read(): 1026
cycles in read(): 1026
cycles in read(): 1026
cycles in read(): 1026
cycles in read(): 1026
cycles in read(): 1026
cycles in read(): 1026
micro seconds for read() on third file: 0.643725
cycles in mmap(): 9207
cycles in memcpy(): 25263
cycles in mmap(): 6228
cycles in memcpy(): 4698
cycles in mmap(): 5202
cycles in memcpy(): 4383
cycles in mmap(): 5103
cycles in memcpy(): 4401
cycles in mmap(): 5310
cycles in memcpy(): 4500
cycles in mmap(): 5184
cycles in memcpy(): 4428
cycles in mmap(): 4824
cycles in memcpy(): 4500
cycles in mmap(): 4977
cycles in memcpy(): 4401
cycles in mmap(): 4500
cycles in memcpy(): 4563
cycles in mmap(): 5076
cycles in memcpy(): 5310
cycles in mmap(): 26973
cycles in memcpy(): 5265
cycles in mmap(): 5805
cycles in memcpy(): 4536
cycles in mmap(): 5175
cycles in memcpy(): 4455
cycles in mmap(): 5400
cycles in memcpy(): 4383
cycles in mmap(): 5166
cycles in memcpy(): 4509
cycles in mmap(): 5166
cycles in memcpy(): 4383
cycles in mmap(): 4644
cycles in memcpy(): 4401
cycles in mmap(): 5067
cycles in memcpy(): 4374
cycles in mmap(): 4977
cycles in memcpy(): 4455
cycles in mmap(): 5049
cycles in memcpy(): 4410
cycles in mmap(): 4842
cycles in memcpy(): 4455
cycles in mmap(): 4887
cycles in memcpy(): 4338
cycles in mmap(): 6669
cycles in memcpy(): 4536
cycles in mmap(): 5679
cycles in memcpy(): 4428
cycles in mmap(): 5553
cycles in memcpy(): 4500
cycles in mmap(): 5445
cycles in memcpy(): 4401
cycles in mmap(): 5085
cycles in memcpy(): 4428
cycles in mmap(): 5247
cycles in memcpy(): 4365
cycles in mmap(): 4959
cycles in memcpy(): 4419
cycles in mmap(): 5391
cycles in memcpy(): 4356
cycles in mmap(): 5175
cycles in memcpy(): 4464
cycles in mmap(): 5688
cycles in memcpy(): 4500
cycles in mmap(): 5157
cycles in memcpy(): 4545
cycles in mmap(): 5364
cycles in memcpy(): 4455
cycles in mmap(): 5121
cycles in memcpy(): 4482
cycles in mmap(): 5094
cycles in memcpy(): 4329
cycles in mmap(): 5040
cycles in memcpy(): 4410
cycles in mmap(): 5553
cycles in memcpy(): 4374
cycles in mmap(): 6075
cycles in memcpy(): 4491
cycles in mmap(): 5868
cycles in memcpy(): 4428
cycles in mmap(): 5652
cycles in memcpy(): 4554
cycles in mmap(): 5706
cycles in memcpy(): 4527
cycles in mmap(): 5418
cycles in memcpy(): 4383
cycles in mmap(): 5319
cycles in memcpy(): 4545
cycles in mmap(): 7218
cycles in memcpy(): 4455
cycles in mmap(): 5634
cycles in memcpy(): 4347
cycles in mmap(): 5814
cycles in memcpy(): 4428
cycles in mmap(): 5652
cycles in memcpy(): 4428
cycles in mmap(): 5292
cycles in memcpy(): 4536
cycles in mmap(): 5580
cycles in memcpy(): 4707
micro seconds for mmap(): 4.321912
cycles in mmap(): 6363
cycles in memcpy(): 4581
cycles in mmap(): 5850
cycles in memcpy(): 4482
cycles in mmap(): 6003
cycles in memcpy(): 4392
cycles in mmap(): 5994
cycles in memcpy(): 4410
cycles in mmap(): 5562
cycles in memcpy(): 4383
cycles in mmap(): 5616
cycles in memcpy(): 4374
cycles in mmap(): 5706
cycles in memcpy(): 4356
cycles in mmap(): 6138
cycles in memcpy(): 15660
cycles in mmap(): 6264
cycles in memcpy(): 4716
cycles in mmap(): 5463
cycles in memcpy(): 4554
cycles in mmap(): 5418
cycles in memcpy(): 4257
cycles in mmap(): 5715
cycles in memcpy(): 4212
cycles in mmap(): 5490
cycles in memcpy(): 4266
cycles in mmap(): 5535
cycles in memcpy(): 4428
cycles in mmap(): 6129
cycles in memcpy(): 4599
cycles in mmap(): 5760
cycles in memcpy(): 4356
cycles in mmap(): 7794
cycles in memcpy(): 4437
cycles in mmap(): 6246
cycles in memcpy(): 4518
cycles in mmap(): 5697
cycles in memcpy(): 4320
cycles in mmap(): 5733
cycles in memcpy(): 4275
cycles in mmap(): 5670
cycles in memcpy(): 4419
cycles in mmap(): 6156
cycles in memcpy(): 4536
cycles in mmap(): 5850
cycles in memcpy(): 4428
cycles in mmap(): 5877
cycles in memcpy(): 4599
cycles in mmap(): 5580
cycles in memcpy(): 4428
cycles in mmap(): 5814
cycles in memcpy(): 4473
cycles in mmap(): 5427
cycles in memcpy(): 4293
cycles in mmap(): 5841
cycles in memcpy(): 4248
cycles in mmap(): 5787
cycles in memcpy(): 4617
cycles in mmap(): 5589
cycles in memcpy(): 4329
cycles in mmap(): 5544
cycles in memcpy(): 4437
cycles in mmap(): 5832
cycles in memcpy(): 4374
cycles in mmap(): 5688
cycles in memcpy(): 4401
cycles in mmap(): 6057
cycles in memcpy(): 4509
cycles in mmap(): 5895
cycles in memcpy(): 4383
cycles in mmap(): 5904
cycles in memcpy(): 4518
cycles in mmap(): 5697
cycles in memcpy(): 4356
cycles in mmap(): 5679
cycles in memcpy(): 4383
cycles in mmap(): 7875
cycles in memcpy(): 4518
cycles in mmap(): 6264
cycles in memcpy(): 4356
cycles in mmap(): 5598
cycles in memcpy(): 4275
cycles in mmap(): 5841
cycles in memcpy(): 4410
cycles in mmap(): 5571
cycles in memcpy(): 4347
cycles in mmap(): 6084
cycles in memcpy(): 4302
cycles in mmap(): 7596
cycles in memcpy(): 5418
cycles in mmap(): 6318
cycles in memcpy(): 4545
cycles in mmap(): 5913
cycles in memcpy(): 4356
cycles in mmap(): 5922
cycles in memcpy(): 4491
cycles in mmap(): 5868
cycles in memcpy(): 4374
cycles in mmap(): 5535
cycles in memcpy(): 4536
micro seconds for memcpy(): 3.559162
